<?xml version="1.0" encoding="UTF-8"?>
<testng-results ignored="0" total="3" passed="2" failed="1" skipped="0">
  <reporter-output>
  </reporter-output>
  <suite started-at="2023-03-10T17:07:43 IST" name="Default suite" finished-at="2023-03-10T17:08:28 IST" duration-ms="44565">
    <groups>
    </groups>
    <test started-at="2023-03-10T17:07:43 IST" name="Default test" finished-at="2023-03-10T17:08:28 IST" duration-ms="44565">
      <class name="Module1_KhanAcademyTest.KhanAcademyLoginTest">
        <test-method is-config="true" signature="EnterUrl()[pri:0, instance:Module1_KhanAcademyTest.KhanAcademyLoginTest@ffaa6af]" started-at="2023-03-10T17:07:43 IST" name="EnterUrl" finished-at="2023-03-10T17:07:48 IST" duration-ms="4595" status="PASS">
          <reporter-output>
          </reporter-output>
        </test-method> <!-- EnterUrl -->
        <test-method is-config="true" signature="LoginToApp()[pri:0, instance:Module1_KhanAcademyTest.KhanAcademyLoginTest@ffaa6af]" started-at="2023-03-10T17:07:48 IST" name="LoginToApp" finished-at="2023-03-10T17:07:49 IST" duration-ms="858" status="PASS">
          <reporter-output>
          </reporter-output>
        </test-method> <!-- LoginToApp -->
        <test-method signature="VerifyLogo()[pri:1, instance:Module1_KhanAcademyTest.KhanAcademyLoginTest@ffaa6af]" started-at="2023-03-10T17:07:49 IST" name="VerifyLogo" finished-at="2023-03-10T17:07:51 IST" duration-ms="2226" status="PASS">
          <reporter-output>
          </reporter-output>
        </test-method> <!-- VerifyLogo -->
        <test-method is-config="true" signature="LogOut(org.testng.ITestResult)[pri:0, instance:Module1_KhanAcademyTest.KhanAcademyLoginTest@ffaa6af]" started-at="2023-03-10T17:07:51 IST" name="LogOut" finished-at="2023-03-10T17:07:52 IST" duration-ms="742" status="PASS">
          <params>
            <param index="0">
              <value>
                <![CDATA[[TestResult name=VerifyLogo status=SUCCESS method=KhanAcademyLoginTest.VerifyLogo()[pri:1, instance:Module1_KhanAcademyTest.KhanAcademyLoginTest@ffaa6af] output={null}]]]>
              </value>
            </param>
          </params>
          <reporter-output>
          </reporter-output>
        </test-method> <!-- LogOut -->
        <test-method is-config="true" signature="LoginToApp()[pri:0, instance:Module1_KhanAcademyTest.KhanAcademyLoginTest@ffaa6af]" started-at="2023-03-10T17:07:52 IST" name="LoginToApp" finished-at="2023-03-10T17:07:57 IST" duration-ms="5326" status="PASS">
          <reporter-output>
          </reporter-output>
        </test-method> <!-- LoginToApp -->
        <test-method signature="SearchClass()[pri:2, instance:Module1_KhanAcademyTest.KhanAcademyLoginTest@ffaa6af]" started-at="2023-03-10T17:07:57 IST" name="SearchClass" finished-at="2023-03-10T17:08:16 IST" duration-ms="18692" status="PASS">
          <reporter-output>
          </reporter-output>
        </test-method> <!-- SearchClass -->
        <test-method is-config="true" signature="LogOut(org.testng.ITestResult)[pri:0, instance:Module1_KhanAcademyTest.KhanAcademyLoginTest@ffaa6af]" started-at="2023-03-10T17:08:16 IST" name="LogOut" finished-at="2023-03-10T17:08:17 IST" duration-ms="1102" status="PASS">
          <params>
            <param index="0">
              <value>
                <![CDATA[[TestResult name=SearchClass status=SUCCESS method=KhanAcademyLoginTest.SearchClass()[pri:2, instance:Module1_KhanAcademyTest.KhanAcademyLoginTest@ffaa6af] output={null}]]]>
              </value>
            </param>
          </params>
          <reporter-output>
          </reporter-output>
        </test-method> <!-- LogOut -->
        <test-method is-config="true" signature="LoginToApp()[pri:0, instance:Module1_KhanAcademyTest.KhanAcademyLoginTest@ffaa6af]" started-at="2023-03-10T17:08:17 IST" name="LoginToApp" finished-at="2023-03-10T17:08:19 IST" duration-ms="2398" status="PASS">
          <reporter-output>
          </reporter-output>
        </test-method> <!-- LoginToApp -->
        <test-method signature="GiveQuiz()[pri:4, instance:Module1_KhanAcademyTest.KhanAcademyLoginTest@ffaa6af]" started-at="2023-03-10T17:08:19 IST" name="GiveQuiz" finished-at="2023-03-10T17:08:26 IST" duration-ms="7181" status="FAIL">
          <exception class="java.lang.IllegalStateException">
            <message>
              <![CDATA[Cannot get a STRING value from a NUMERIC cell]]>
            </message>
            <full-stacktrace>
              <![CDATA[java.lang.IllegalStateException: Cannot get a STRING value from a NUMERIC cell
at org.apache.poi.xssf.usermodel.XSSFCell.typeMismatch(XSSFCell.java:931)
at org.apache.poi.xssf.usermodel.XSSFCell.getRichStringCellValue(XSSFCell.java:333)
at org.apache.poi.xssf.usermodel.XSSFCell.getStringCellValue(XSSFCell.java:278)
at LibraryFile.UtilityClass.GetTD(UtilityClass.java:24)
at Module1_KhanAcademyTest.KhanAcademyLoginTest.GiveQuiz(KhanAcademyLoginTest.java:89)
at java.base/jdk.internal.reflect.NativeMethodAccessorImpl.invoke0(Native Method)
at java.base/jdk.internal.reflect.NativeMethodAccessorImpl.invoke(NativeMethodAccessorImpl.java:77)
at java.base/jdk.internal.reflect.DelegatingMethodAccessorImpl.invoke(DelegatingMethodAccessorImpl.java:43)
at java.base/java.lang.reflect.Method.invoke(Method.java:568)
at org.testng.internal.MethodInvocationHelper.invokeMethod(MethodInvocationHelper.java:133)
at org.testng.internal.TestInvoker.invokeMethod(TestInvoker.java:598)
at org.testng.internal.TestInvoker.invokeTestMethod(TestInvoker.java:173)
at org.testng.internal.MethodRunner.runInSequence(MethodRunner.java:46)
at org.testng.internal.TestInvoker$MethodInvocationAgent.invoke(TestInvoker.java:824)
at org.testng.internal.TestInvoker.invokeTestMethods(TestInvoker.java:146)
at org.testng.internal.TestMethodWorker.invokeTestMethods(TestMethodWorker.java:146)
at org.testng.internal.TestMethodWorker.run(TestMethodWorker.java:128)
at java.base/java.util.ArrayList.forEach(ArrayList.java:1511)
at org.testng.TestRunner.privateRun(TestRunner.java:794)
at org.testng.TestRunner.run(TestRunner.java:596)
at org.testng.SuiteRunner.runTest(SuiteRunner.java:377)
at org.testng.SuiteRunner.runSequentially(SuiteRunner.java:371)
at org.testng.SuiteRunner.privateRun(SuiteRunner.java:332)
at org.testng.SuiteRunner.run(SuiteRunner.java:276)
at org.testng.SuiteRunnerWorker.runSuite(SuiteRunnerWorker.java:53)
at org.testng.SuiteRunnerWorker.run(SuiteRunnerWorker.java:96)
at org.testng.TestNG.runSuitesSequentially(TestNG.java:1212)
at org.testng.TestNG.runSuitesLocally(TestNG.java:1134)
at org.testng.TestNG.runSuites(TestNG.java:1063)
at org.testng.TestNG.run(TestNG.java:1031)
at org.testng.remote.AbstractRemoteTestNG.run(AbstractRemoteTestNG.java:115)
at org.testng.remote.RemoteTestNG.initAndRun(RemoteTestNG.java:251)
at org.testng.remote.RemoteTestNG.main(RemoteTestNG.java:77)
]]>
            </full-stacktrace>
          </exception> <!-- java.lang.IllegalStateException -->
          <reporter-output>
          </reporter-output>
        </test-method> <!-- GiveQuiz -->
        <test-method is-config="true" signature="LogOut(org.testng.ITestResult)[pri:0, instance:Module1_KhanAcademyTest.KhanAcademyLoginTest@ffaa6af]" started-at="2023-03-10T17:08:26 IST" name="LogOut" finished-at="2023-03-10T17:08:27 IST" duration-ms="824" status="PASS">
          <params>
            <param index="0">
              <value>
                <![CDATA[[TestResult name=GiveQuiz status=FAILURE method=KhanAcademyLoginTest.GiveQuiz()[pri:4, instance:Module1_KhanAcademyTest.KhanAcademyLoginTest@ffaa6af] output={null}]]]>
              </value>
            </param>
          </params>
          <reporter-output>
          </reporter-output>
        </test-method> <!-- LogOut -->
        <test-method is-config="true" signature="CloseUrl()[pri:0, instance:Module1_KhanAcademyTest.KhanAcademyLoginTest@ffaa6af]" started-at="2023-03-10T17:08:27 IST" name="CloseUrl" finished-at="2023-03-10T17:08:28 IST" duration-ms="549" status="PASS">
          <reporter-output>
          </reporter-output>
        </test-method> <!-- CloseUrl -->
      </class> <!-- Module1_KhanAcademyTest.KhanAcademyLoginTest -->
    </test> <!-- Default test -->
  </suite> <!-- Default suite -->
</testng-results>
